2025-03-20 19:51:48,242 - __main__ - INFO - Total images found: 60000
2025-03-20 19:51:48,268 - __main__ - INFO - Created directory: data/partition_v1
2025-03-20 19:52:08,447 - __main__ - INFO - Partition v1 class distribution:
2025-03-20 19:52:08,447 - __main__ - INFO -   airplane: 1999 images
2025-03-20 19:52:08,447 - __main__ - INFO -   automobile: 1941 images
2025-03-20 19:52:08,448 - __main__ - INFO -   bird: 2037 images
2025-03-20 19:52:08,448 - __main__ - INFO -   cat: 1976 images
2025-03-20 19:52:08,448 - __main__ - INFO -   deer: 1937 images
2025-03-20 19:52:08,448 - __main__ - INFO -   dog: 2081 images
2025-03-20 19:52:08,449 - __main__ - INFO -   frog: 1994 images
2025-03-20 19:52:08,449 - __main__ - INFO -   horse: 2037 images
2025-03-20 19:52:08,450 - __main__ - INFO -   ship: 1980 images
2025-03-20 19:52:08,450 - __main__ - INFO -   truck: 2018 images
2025-03-20 19:52:08,450 - __main__ - INFO - Total images in partition v1: 20000
2025-03-20 19:52:08,451 - __main__ - INFO - Created directory: data/partition_v2
2025-03-20 19:52:29,093 - __main__ - INFO - Partition v2 class distribution:
2025-03-20 19:52:29,094 - __main__ - INFO -   airplane: 2039 images
2025-03-20 19:52:29,094 - __main__ - INFO -   automobile: 1979 images
2025-03-20 19:52:29,094 - __main__ - INFO -   bird: 2036 images
2025-03-20 19:52:29,095 - __main__ - INFO -   cat: 2003 images
2025-03-20 19:52:29,095 - __main__ - INFO -   deer: 2016 images
2025-03-20 19:52:29,095 - __main__ - INFO -   dog: 1966 images
2025-03-20 19:52:29,095 - __main__ - INFO -   frog: 2014 images
2025-03-20 19:52:29,096 - __main__ - INFO -   horse: 1930 images
2025-03-20 19:52:29,096 - __main__ - INFO -   ship: 2023 images
2025-03-20 19:52:29,097 - __main__ - INFO -   truck: 1994 images
2025-03-20 19:52:29,097 - __main__ - INFO - Total images in partition v2: 20000
2025-03-20 19:52:29,098 - __main__ - INFO - Created directory: data/partition_v3
2025-03-20 19:52:52,492 - __main__ - INFO - Partition v3 class distribution:
2025-03-20 19:52:52,492 - __main__ - INFO -   airplane: 1962 images
2025-03-20 19:52:52,493 - __main__ - INFO -   automobile: 2080 images
2025-03-20 19:52:52,493 - __main__ - INFO -   bird: 1927 images
2025-03-20 19:52:52,493 - __main__ - INFO -   cat: 2021 images
2025-03-20 19:52:52,493 - __main__ - INFO -   deer: 2047 images
2025-03-20 19:52:52,494 - __main__ - INFO -   dog: 1953 images
2025-03-20 19:52:52,494 - __main__ - INFO -   frog: 1992 images
2025-03-20 19:52:52,494 - __main__ - INFO -   horse: 2033 images
2025-03-20 19:52:52,494 - __main__ - INFO -   ship: 1997 images
2025-03-20 19:52:52,495 - __main__ - INFO -   truck: 1988 images
2025-03-20 19:52:52,495 - __main__ - INFO - Total images in partition v3: 20000
2025-03-20 19:52:52,495 - __main__ - INFO - All partitions created successfully
2025-03-20 19:56:38,019 - __main__ - INFO - Added data/partition_v1 to DVC
2025-03-20 19:56:39,289 - __main__ - ERROR - Error during DVC operations: Command '['dvc', 'tag', 'data/partition_v1', 'v1']' returned non-zero exit status 254.
2025-03-20 20:36:52,931 - __main__ - INFO - Total images found: 60000
2025-03-20 20:36:52,958 - __main__ - INFO - Created directory: data/partition_v0
2025-03-20 20:37:20,248 - __main__ - INFO - Partition v0 class distribution:
2025-03-20 20:37:20,248 - __main__ - INFO -   airplane: 1999 images
2025-03-20 20:37:20,248 - __main__ - INFO -   automobile: 1941 images
2025-03-20 20:37:20,248 - __main__ - INFO -   bird: 2037 images
2025-03-20 20:37:20,248 - __main__ - INFO -   cat: 1976 images
2025-03-20 20:37:20,248 - __main__ - INFO -   deer: 1937 images
2025-03-20 20:37:20,248 - __main__ - INFO -   dog: 2081 images
2025-03-20 20:37:20,248 - __main__ - INFO -   frog: 1994 images
2025-03-20 20:37:20,252 - __main__ - INFO -   horse: 2037 images
2025-03-20 20:37:20,252 - __main__ - INFO -   ship: 1980 images
2025-03-20 20:37:20,252 - __main__ - INFO -   truck: 2018 images
2025-03-20 20:37:20,252 - __main__ - INFO - Total images in partition v0: 20000
2025-03-20 20:37:25,191 - __main__ - INFO - Created directory: data/partition_v1
2025-03-20 20:37:47,895 - __main__ - INFO - Partition v1 class distribution:
2025-03-20 20:37:47,896 - __main__ - INFO -   airplane: 2039 images
2025-03-20 20:37:47,896 - __main__ - INFO -   automobile: 1979 images
2025-03-20 20:37:47,896 - __main__ - INFO -   bird: 2036 images
2025-03-20 20:37:47,896 - __main__ - INFO -   cat: 2003 images
2025-03-20 20:37:47,896 - __main__ - INFO -   deer: 2016 images
2025-03-20 20:37:47,897 - __main__ - INFO -   dog: 1966 images
2025-03-20 20:37:47,897 - __main__ - INFO -   frog: 2014 images
2025-03-20 20:37:47,897 - __main__ - INFO -   horse: 1930 images
2025-03-20 20:37:47,897 - __main__ - INFO -   ship: 2023 images
2025-03-20 20:37:47,897 - __main__ - INFO -   truck: 1994 images
2025-03-20 20:37:47,897 - __main__ - INFO - Total images in partition v1: 20000
2025-03-20 20:37:53,291 - __main__ - INFO - Created directory: data/partition_v2
2025-03-20 20:38:15,286 - __main__ - INFO - Partition v2 class distribution:
2025-03-20 20:38:15,286 - __main__ - INFO -   airplane: 1962 images
2025-03-20 20:38:15,286 - __main__ - INFO -   automobile: 2080 images
2025-03-20 20:38:15,287 - __main__ - INFO -   bird: 1927 images
2025-03-20 20:38:15,287 - __main__ - INFO -   cat: 2021 images
2025-03-20 20:38:15,287 - __main__ - INFO -   deer: 2047 images
2025-03-20 20:38:15,287 - __main__ - INFO -   dog: 1953 images
2025-03-20 20:38:15,287 - __main__ - INFO -   frog: 1992 images
2025-03-20 20:38:15,288 - __main__ - INFO -   horse: 2033 images
2025-03-20 20:38:15,288 - __main__ - INFO -   ship: 1997 images
2025-03-20 20:38:15,289 - __main__ - INFO -   truck: 1988 images
2025-03-20 20:38:15,289 - __main__ - INFO - Total images in partition v2: 20000
2025-03-20 20:38:15,289 - __main__ - INFO - All partitions created successfully
2025-03-20 20:41:45,596 - __main__ - INFO - Added data/partition_v1 to DVC
2025-03-20 20:41:46,705 - __main__ - ERROR - Error during DVC operations: Command '['dvc', 'tag', 'data/partition_v1', 'v1']' returned non-zero exit status 254.
2025-03-21 08:27:09,115 - __main__ - INFO - Total images found: 60000
2025-03-21 08:27:09,140 - __main__ - INFO - Created directory: data/partition_v0
2025-03-21 08:27:29,213 - __main__ - INFO - Partition v0 class distribution:
2025-03-21 08:27:29,213 - __main__ - INFO -   airplane: 1999 images
2025-03-21 08:27:29,213 - __main__ - INFO -   automobile: 1941 images
2025-03-21 08:27:29,213 - __main__ - INFO -   bird: 2037 images
2025-03-21 08:27:29,215 - __main__ - INFO -   cat: 1976 images
2025-03-21 08:27:29,215 - __main__ - INFO -   deer: 1937 images
2025-03-21 08:27:29,215 - __main__ - INFO -   dog: 2081 images
2025-03-21 08:27:29,215 - __main__ - INFO -   frog: 1994 images
2025-03-21 08:27:29,215 - __main__ - INFO -   horse: 2037 images
2025-03-21 08:27:29,215 - __main__ - INFO -   ship: 1980 images
2025-03-21 08:27:29,216 - __main__ - INFO -   truck: 2018 images
2025-03-21 08:27:29,216 - __main__ - INFO - Total images in partition v0: 20000
2025-03-21 08:27:29,216 - __main__ - INFO - Created directory: data/partition_v1
2025-03-21 08:27:50,039 - __main__ - INFO - Partition v1 class distribution:
2025-03-21 08:27:50,039 - __main__ - INFO -   airplane: 2039 images
2025-03-21 08:27:50,040 - __main__ - INFO -   automobile: 1979 images
2025-03-21 08:27:50,040 - __main__ - INFO -   bird: 2036 images
2025-03-21 08:27:50,040 - __main__ - INFO -   cat: 2003 images
2025-03-21 08:27:50,040 - __main__ - INFO -   deer: 2016 images
2025-03-21 08:27:50,040 - __main__ - INFO -   dog: 1966 images
2025-03-21 08:27:50,040 - __main__ - INFO -   frog: 2014 images
2025-03-21 08:27:50,040 - __main__ - INFO -   horse: 1930 images
2025-03-21 08:27:50,041 - __main__ - INFO -   ship: 2023 images
2025-03-21 08:27:50,041 - __main__ - INFO -   truck: 1994 images
2025-03-21 08:27:50,041 - __main__ - INFO - Total images in partition v1: 20000
2025-03-21 08:27:50,041 - __main__ - INFO - Created directory: data/partition_v2
2025-03-21 08:28:10,471 - __main__ - INFO - Partition v2 class distribution:
2025-03-21 08:28:10,471 - __main__ - INFO -   airplane: 1962 images
2025-03-21 08:28:10,471 - __main__ - INFO -   automobile: 2080 images
2025-03-21 08:28:10,472 - __main__ - INFO -   bird: 1927 images
2025-03-21 08:28:10,472 - __main__ - INFO -   cat: 2021 images
2025-03-21 08:28:10,472 - __main__ - INFO -   deer: 2047 images
2025-03-21 08:28:10,472 - __main__ - INFO -   dog: 1953 images
2025-03-21 08:28:10,473 - __main__ - INFO -   frog: 1992 images
2025-03-21 08:28:10,473 - __main__ - INFO -   horse: 2033 images
2025-03-21 08:28:10,473 - __main__ - INFO -   ship: 1997 images
2025-03-21 08:28:10,473 - __main__ - INFO -   truck: 1988 images
2025-03-21 08:28:10,473 - __main__ - INFO - Total images in partition v2: 20000
2025-03-21 08:28:10,474 - __main__ - INFO - All partitions created successfully
2025-03-21 08:30:43,497 - __main__ - INFO - Added data/partition_v0 to DVC
2025-03-21 08:30:44,537 - __main__ - ERROR - Error during DVC operations: Command '['dvc', 'tag', 'data/partition_v0', 'v0']' returned non-zero exit status 254.
